{"/Users/lucalee/Desktop/Photographer's Website/server/app.js": {"path":"/Users/lucalee/Desktop/Photographer's Website/server/app.js","all":false,"statementMap":{"0":{"start":{"line":1,"column":0},"end":{"line":1,"column":29}},"1":{"start":{"line":2,"column":0},"end":{"line":2,"column":26}},"2":{"start":{"line":3,"column":0},"end":{"line":3,"column":23}},"3":{"start":{"line":4,"column":0},"end":{"line":4,"column":35}},"4":{"start":{"line":5,"column":0},"end":{"line":5,"column":54}},"5":{"start":{"line":6,"column":0},"end":{"line":6,"column":61}},"6":{"start":{"line":7,"column":0},"end":{"line":7,"column":58}},"7":{"start":{"line":8,"column":0},"end":{"line":8,"column":58}},"8":{"start":{"line":9,"column":0},"end":{"line":9,"column":53}},"10":{"start":{"line":11,"column":0},"end":{"line":11,"column":22}},"12":{"start":{"line":13,"column":0},"end":{"line":13,"column":14}},"13":{"start":{"line":14,"column":0},"end":{"line":14,"column":24}},"14":{"start":{"line":15,"column":0},"end":{"line":15,"column":16}},"15":{"start":{"line":16,"column":0},"end":{"line":16,"column":9}},"16":{"start":{"line":17,"column":0},"end":{"line":17,"column":29}},"17":{"start":{"line":18,"column":0},"end":{"line":18,"column":31}},"18":{"start":{"line":19,"column":0},"end":{"line":19,"column":31}},"19":{"start":{"line":20,"column":0},"end":{"line":20,"column":29}},"22":{"start":{"line":23,"column":0},"end":{"line":23,"column":17}},"23":{"start":{"line":24,"column":0},"end":{"line":24,"column":23}},"25":{"start":{"line":26,"column":0},"end":{"line":26,"column":19}}},"s":{"0":1,"1":1,"2":1,"3":1,"4":1,"5":1,"6":1,"7":1,"8":1,"10":1,"12":1,"13":1,"14":1,"15":1,"16":1,"17":1,"18":1,"19":1,"22":1,"23":1,"25":1},"branchMap":{},"b":{},"fnMap":{},"f":{}}
,"/Users/lucalee/Desktop/Photographer's Website/server/src/controllers/artworkController.js": {"path":"/Users/lucalee/Desktop/Photographer's Website/server/src/controllers/artworkController.js","all":false,"statementMap":{"0":{"start":{"line":1,"column":0},"end":{"line":1,"column":176}},"2":{"start":{"line":3,"column":0},"end":{"line":3,"column":61}},"3":{"start":{"line":4,"column":0},"end":{"line":4,"column":29}},"4":{"start":{"line":5,"column":0},"end":{"line":5,"column":15}},"5":{"start":{"line":6,"column":0},"end":{"line":6,"column":17}},"6":{"start":{"line":7,"column":0},"end":{"line":7,"column":13}},"7":{"start":{"line":8,"column":0},"end":{"line":8,"column":7}},"8":{"start":{"line":9,"column":0},"end":{"line":9,"column":2}},"10":{"start":{"line":11,"column":0},"end":{"line":11,"column":55}},"11":{"start":{"line":12,"column":0},"end":{"line":12,"column":57}},"12":{"start":{"line":13,"column":0},"end":{"line":13,"column":9}},"13":{"start":{"line":14,"column":0},"end":{"line":14,"column":89}},"14":{"start":{"line":15,"column":0},"end":{"line":15,"column":77}},"15":{"start":{"line":16,"column":0},"end":{"line":16,"column":19}},"16":{"start":{"line":17,"column":0},"end":{"line":17,"column":18}},"17":{"start":{"line":18,"column":0},"end":{"line":18,"column":6}},"18":{"start":{"line":19,"column":0},"end":{"line":19,"column":2}},"20":{"start":{"line":21,"column":0},"end":{"line":21,"column":56}},"21":{"start":{"line":22,"column":0},"end":{"line":22,"column":9}},"22":{"start":{"line":23,"column":0},"end":{"line":23,"column":57}},"23":{"start":{"line":24,"column":0},"end":{"line":24,"column":82}},"24":{"start":{"line":25,"column":0},"end":{"line":25,"column":19}},"25":{"start":{"line":26,"column":0},"end":{"line":26,"column":18}},"26":{"start":{"line":27,"column":0},"end":{"line":27,"column":6}},"27":{"start":{"line":28,"column":0},"end":{"line":28,"column":2}},"28":{"start":{"line":29,"column":0},"end":{"line":29,"column":56}},"29":{"start":{"line":30,"column":0},"end":{"line":30,"column":9}},"30":{"start":{"line":31,"column":0},"end":{"line":31,"column":67}},"31":{"start":{"line":32,"column":0},"end":{"line":32,"column":72}},"32":{"start":{"line":33,"column":0},"end":{"line":33,"column":74}},"33":{"start":{"line":34,"column":0},"end":{"line":34,"column":19}},"34":{"start":{"line":35,"column":0},"end":{"line":35,"column":18}},"35":{"start":{"line":36,"column":0},"end":{"line":36,"column":6}},"36":{"start":{"line":37,"column":0},"end":{"line":37,"column":2}},"37":{"start":{"line":38,"column":0},"end":{"line":38,"column":58}},"38":{"start":{"line":39,"column":0},"end":{"line":39,"column":31}},"39":{"start":{"line":40,"column":0},"end":{"line":40,"column":12}},"40":{"start":{"line":41,"column":0},"end":{"line":41,"column":81}},"41":{"start":{"line":42,"column":0},"end":{"line":42,"column":84}},"42":{"start":{"line":43,"column":0},"end":{"line":43,"column":22}},"43":{"start":{"line":44,"column":0},"end":{"line":44,"column":21}},"44":{"start":{"line":45,"column":0},"end":{"line":45,"column":9}},"45":{"start":{"line":46,"column":0},"end":{"line":46,"column":5}},"47":{"start":{"line":48,"column":0},"end":{"line":48,"column":55}},"48":{"start":{"line":49,"column":0},"end":{"line":49,"column":9}},"49":{"start":{"line":50,"column":0},"end":{"line":50,"column":71}},"50":{"start":{"line":51,"column":0},"end":{"line":51,"column":79}},"51":{"start":{"line":52,"column":0},"end":{"line":52,"column":73}},"52":{"start":{"line":53,"column":0},"end":{"line":53,"column":81}},"53":{"start":{"line":54,"column":0},"end":{"line":54,"column":19}},"54":{"start":{"line":55,"column":0},"end":{"line":55,"column":18}},"55":{"start":{"line":56,"column":0},"end":{"line":56,"column":6}},"56":{"start":{"line":57,"column":0},"end":{"line":57,"column":2}},"58":{"start":{"line":59,"column":0},"end":{"line":59,"column":55}},"59":{"start":{"line":60,"column":0},"end":{"line":60,"column":9}},"60":{"start":{"line":61,"column":0},"end":{"line":61,"column":69}},"61":{"start":{"line":62,"column":0},"end":{"line":62,"column":88}},"62":{"start":{"line":63,"column":0},"end":{"line":63,"column":19}},"63":{"start":{"line":64,"column":0},"end":{"line":64,"column":18}},"64":{"start":{"line":65,"column":0},"end":{"line":65,"column":6}},"65":{"start":{"line":66,"column":0},"end":{"line":66,"column":2}}},"s":{"0":1,"2":1,"3":7,"4":7,"5":7,"6":7,"7":7,"8":7,"10":1,"11":2,"12":2,"13":2,"14":1,"15":1,"16":1,"17":2,"18":2,"20":1,"21":2,"22":2,"23":1,"24":1,"25":1,"26":2,"27":2,"28":1,"29":3,"30":3,"31":3,"32":1,"33":1,"34":1,"35":3,"36":3,"37":1,"38":1,"39":1,"40":1,"41":1,"42":1,"43":1,"44":1,"45":1,"47":1,"48":3,"49":3,"50":3,"51":2,"52":1,"53":1,"54":1,"55":3,"56":3,"58":1,"59":2,"60":2,"61":1,"62":1,"63":1,"64":2,"65":2},"branchMap":{"0":{"type":"branch","line":3,"loc":{"start":{"line":3,"column":23},"end":{"line":9,"column":2}},"locations":[{"start":{"line":3,"column":23},"end":{"line":9,"column":2}}]},"1":{"type":"branch","line":11,"loc":{"start":{"line":11,"column":29},"end":{"line":19,"column":2}},"locations":[{"start":{"line":11,"column":29},"end":{"line":19,"column":2}}]},"2":{"type":"branch","line":14,"loc":{"start":{"line":14,"column":88},"end":{"line":18,"column":5}},"locations":[{"start":{"line":14,"column":88},"end":{"line":18,"column":5}}]},"3":{"type":"branch","line":21,"loc":{"start":{"line":21,"column":30},"end":{"line":28,"column":2}},"locations":[{"start":{"line":21,"column":30},"end":{"line":28,"column":2}}]},"4":{"type":"branch","line":23,"loc":{"start":{"line":23,"column":56},"end":{"line":27,"column":5}},"locations":[{"start":{"line":23,"column":56},"end":{"line":27,"column":5}}]},"5":{"type":"branch","line":29,"loc":{"start":{"line":29,"column":30},"end":{"line":37,"column":2}},"locations":[{"start":{"line":29,"column":30},"end":{"line":37,"column":2}}]},"6":{"type":"branch","line":31,"loc":{"start":{"line":31,"column":66},"end":{"line":32,"column":22}},"locations":[{"start":{"line":31,"column":66},"end":{"line":32,"column":22}}]},"7":{"type":"branch","line":32,"loc":{"start":{"line":32,"column":22},"end":{"line":36,"column":5}},"locations":[{"start":{"line":32,"column":22},"end":{"line":36,"column":5}}]},"8":{"type":"branch","line":48,"loc":{"start":{"line":48,"column":29},"end":{"line":57,"column":2}},"locations":[{"start":{"line":48,"column":29},"end":{"line":57,"column":2}}]},"9":{"type":"branch","line":51,"loc":{"start":{"line":51,"column":26},"end":{"line":51,"column":79}},"locations":[{"start":{"line":51,"column":26},"end":{"line":51,"column":79}}]},"10":{"type":"branch","line":51,"loc":{"start":{"line":51,"column":78},"end":{"line":52,"column":73}},"locations":[{"start":{"line":51,"column":78},"end":{"line":52,"column":73}}]},"11":{"type":"branch","line":52,"loc":{"start":{"line":52,"column":72},"end":{"line":56,"column":5}},"locations":[{"start":{"line":52,"column":72},"end":{"line":56,"column":5}}]},"12":{"type":"branch","line":59,"loc":{"start":{"line":59,"column":29},"end":{"line":66,"column":2}},"locations":[{"start":{"line":59,"column":29},"end":{"line":66,"column":2}}]},"13":{"type":"branch","line":61,"loc":{"start":{"line":61,"column":68},"end":{"line":65,"column":5}},"locations":[{"start":{"line":61,"column":68},"end":{"line":65,"column":5}}]}},"b":{"0":[7],"1":[2],"2":[1],"3":[2],"4":[1],"5":[3],"6":[2],"7":[1],"8":[3],"9":[1],"10":[2],"11":[1],"12":[2],"13":[1]},"fnMap":{"0":{"name":"handleResponse","decl":{"start":{"line":3,"column":23},"end":{"line":9,"column":2}},"loc":{"start":{"line":3,"column":23},"end":{"line":9,"column":2}},"line":3},"1":{"name":"createArtwork","decl":{"start":{"line":11,"column":29},"end":{"line":19,"column":2}},"loc":{"start":{"line":11,"column":29},"end":{"line":19,"column":2}},"line":11},"2":{"name":"getAllArtworks","decl":{"start":{"line":21,"column":30},"end":{"line":28,"column":2}},"loc":{"start":{"line":21,"column":30},"end":{"line":28,"column":2}},"line":21},"3":{"name":"getArtworkById","decl":{"start":{"line":29,"column":30},"end":{"line":37,"column":2}},"loc":{"start":{"line":29,"column":30},"end":{"line":37,"column":2}},"line":29},"4":{"name":"deleteArtwork","decl":{"start":{"line":48,"column":29},"end":{"line":57,"column":2}},"loc":{"start":{"line":48,"column":29},"end":{"line":57,"column":2}},"line":48},"5":{"name":"orderArtworks","decl":{"start":{"line":59,"column":29},"end":{"line":66,"column":2}},"loc":{"start":{"line":59,"column":29},"end":{"line":66,"column":2}},"line":59}},"f":{"0":7,"1":2,"2":2,"3":3,"4":3,"5":2}}
,"/Users/lucalee/Desktop/Photographer's Website/server/src/controllers/eventController.js": {"path":"/Users/lucalee/Desktop/Photographer's Website/server/src/controllers/eventController.js","all":false,"statementMap":{"0":{"start":{"line":1,"column":0},"end":{"line":1,"column":162}},"2":{"start":{"line":3,"column":0},"end":{"line":3,"column":61}},"3":{"start":{"line":4,"column":0},"end":{"line":4,"column":29}},"4":{"start":{"line":5,"column":0},"end":{"line":5,"column":15}},"5":{"start":{"line":6,"column":0},"end":{"line":6,"column":17}},"6":{"start":{"line":7,"column":0},"end":{"line":7,"column":13}},"7":{"start":{"line":8,"column":0},"end":{"line":8,"column":7}},"8":{"start":{"line":9,"column":0},"end":{"line":9,"column":2}},"10":{"start":{"line":11,"column":0},"end":{"line":11,"column":53}},"11":{"start":{"line":12,"column":0},"end":{"line":12,"column":73}},"12":{"start":{"line":13,"column":0},"end":{"line":13,"column":9}},"13":{"start":{"line":14,"column":0},"end":{"line":14,"column":101}},"14":{"start":{"line":15,"column":0},"end":{"line":15,"column":73}},"15":{"start":{"line":16,"column":0},"end":{"line":16,"column":19}},"16":{"start":{"line":17,"column":0},"end":{"line":17,"column":18}},"17":{"start":{"line":18,"column":0},"end":{"line":18,"column":6}},"18":{"start":{"line":19,"column":0},"end":{"line":19,"column":2}},"20":{"start":{"line":21,"column":0},"end":{"line":21,"column":54}},"21":{"start":{"line":22,"column":0},"end":{"line":22,"column":9}},"22":{"start":{"line":23,"column":0},"end":{"line":23,"column":53}},"23":{"start":{"line":24,"column":0},"end":{"line":24,"column":78}},"24":{"start":{"line":25,"column":0},"end":{"line":25,"column":19}},"25":{"start":{"line":26,"column":0},"end":{"line":26,"column":18}},"26":{"start":{"line":27,"column":0},"end":{"line":27,"column":6}},"27":{"start":{"line":28,"column":0},"end":{"line":28,"column":2}},"28":{"start":{"line":29,"column":0},"end":{"line":29,"column":54}},"29":{"start":{"line":30,"column":0},"end":{"line":30,"column":9}},"30":{"start":{"line":31,"column":0},"end":{"line":31,"column":63}},"31":{"start":{"line":32,"column":0},"end":{"line":32,"column":71}},"32":{"start":{"line":33,"column":0},"end":{"line":33,"column":70}},"33":{"start":{"line":34,"column":0},"end":{"line":34,"column":19}},"34":{"start":{"line":35,"column":0},"end":{"line":35,"column":18}},"35":{"start":{"line":36,"column":0},"end":{"line":36,"column":6}},"36":{"start":{"line":37,"column":0},"end":{"line":37,"column":2}},"37":{"start":{"line":38,"column":0},"end":{"line":38,"column":53}},"38":{"start":{"line":39,"column":0},"end":{"line":39,"column":38}},"39":{"start":{"line":40,"column":0},"end":{"line":40,"column":9}},"40":{"start":{"line":41,"column":0},"end":{"line":41,"column":63}},"41":{"start":{"line":42,"column":0},"end":{"line":42,"column":71}},"42":{"start":{"line":43,"column":0},"end":{"line":43,"column":85}},"43":{"start":{"line":44,"column":0},"end":{"line":44,"column":77}},"44":{"start":{"line":45,"column":0},"end":{"line":45,"column":19}},"45":{"start":{"line":46,"column":0},"end":{"line":46,"column":18}},"46":{"start":{"line":47,"column":0},"end":{"line":47,"column":6}},"47":{"start":{"line":48,"column":0},"end":{"line":48,"column":2}},"49":{"start":{"line":50,"column":0},"end":{"line":50,"column":53}},"50":{"start":{"line":51,"column":0},"end":{"line":51,"column":9}},"51":{"start":{"line":52,"column":0},"end":{"line":52,"column":67}},"52":{"start":{"line":53,"column":0},"end":{"line":53,"column":75}},"53":{"start":{"line":54,"column":0},"end":{"line":54,"column":69}},"54":{"start":{"line":55,"column":0},"end":{"line":55,"column":77}},"55":{"start":{"line":56,"column":0},"end":{"line":56,"column":19}},"56":{"start":{"line":57,"column":0},"end":{"line":57,"column":18}},"57":{"start":{"line":58,"column":0},"end":{"line":58,"column":6}},"58":{"start":{"line":59,"column":0},"end":{"line":59,"column":2}},"60":{"start":{"line":61,"column":0},"end":{"line":61,"column":53}},"61":{"start":{"line":62,"column":0},"end":{"line":62,"column":9}},"62":{"start":{"line":63,"column":0},"end":{"line":63,"column":65}},"63":{"start":{"line":64,"column":0},"end":{"line":64,"column":84}},"64":{"start":{"line":65,"column":0},"end":{"line":65,"column":19}},"65":{"start":{"line":66,"column":0},"end":{"line":66,"column":18}},"66":{"start":{"line":67,"column":0},"end":{"line":67,"column":6}},"67":{"start":{"line":68,"column":0},"end":{"line":68,"column":2}}},"s":{"0":1,"2":1,"3":9,"4":9,"5":9,"6":9,"7":9,"8":9,"10":1,"11":2,"12":2,"13":2,"14":1,"15":1,"16":1,"17":2,"18":2,"20":1,"21":2,"22":2,"23":1,"24":1,"25":1,"26":2,"27":2,"28":1,"29":3,"30":3,"31":3,"32":1,"33":1,"34":1,"35":3,"36":3,"37":1,"38":3,"39":3,"40":3,"41":3,"42":2,"43":1,"44":1,"45":1,"46":3,"47":3,"49":1,"50":3,"51":3,"52":3,"53":2,"54":1,"55":1,"56":1,"57":3,"58":3,"60":1,"61":2,"62":2,"63":1,"64":1,"65":1,"66":2,"67":2},"branchMap":{"0":{"type":"branch","line":3,"loc":{"start":{"line":3,"column":23},"end":{"line":9,"column":2}},"locations":[{"start":{"line":3,"column":23},"end":{"line":9,"column":2}}]},"1":{"type":"branch","line":11,"loc":{"start":{"line":11,"column":27},"end":{"line":19,"column":2}},"locations":[{"start":{"line":11,"column":27},"end":{"line":19,"column":2}}]},"2":{"type":"branch","line":14,"loc":{"start":{"line":14,"column":100},"end":{"line":18,"column":5}},"locations":[{"start":{"line":14,"column":100},"end":{"line":18,"column":5}}]},"3":{"type":"branch","line":21,"loc":{"start":{"line":21,"column":28},"end":{"line":28,"column":2}},"locations":[{"start":{"line":21,"column":28},"end":{"line":28,"column":2}}]},"4":{"type":"branch","line":23,"loc":{"start":{"line":23,"column":52},"end":{"line":27,"column":5}},"locations":[{"start":{"line":23,"column":52},"end":{"line":27,"column":5}}]},"5":{"type":"branch","line":29,"loc":{"start":{"line":29,"column":28},"end":{"line":37,"column":2}},"locations":[{"start":{"line":29,"column":28},"end":{"line":37,"column":2}}]},"6":{"type":"branch","line":31,"loc":{"start":{"line":31,"column":62},"end":{"line":32,"column":20}},"locations":[{"start":{"line":31,"column":62},"end":{"line":32,"column":20}}]},"7":{"type":"branch","line":32,"loc":{"start":{"line":32,"column":20},"end":{"line":36,"column":5}},"locations":[{"start":{"line":32,"column":20},"end":{"line":36,"column":5}}]},"8":{"type":"branch","line":38,"loc":{"start":{"line":38,"column":27},"end":{"line":48,"column":2}},"locations":[{"start":{"line":38,"column":27},"end":{"line":48,"column":2}}]},"9":{"type":"branch","line":42,"loc":{"start":{"line":42,"column":20},"end":{"line":42,"column":71}},"locations":[{"start":{"line":42,"column":20},"end":{"line":42,"column":71}}]},"10":{"type":"branch","line":42,"loc":{"start":{"line":42,"column":70},"end":{"line":43,"column":85}},"locations":[{"start":{"line":42,"column":70},"end":{"line":43,"column":85}}]},"11":{"type":"branch","line":43,"loc":{"start":{"line":43,"column":84},"end":{"line":47,"column":5}},"locations":[{"start":{"line":43,"column":84},"end":{"line":47,"column":5}}]},"12":{"type":"branch","line":50,"loc":{"start":{"line":50,"column":27},"end":{"line":59,"column":2}},"locations":[{"start":{"line":50,"column":27},"end":{"line":59,"column":2}}]},"13":{"type":"branch","line":53,"loc":{"start":{"line":53,"column":24},"end":{"line":53,"column":75}},"locations":[{"start":{"line":53,"column":24},"end":{"line":53,"column":75}}]},"14":{"type":"branch","line":53,"loc":{"start":{"line":53,"column":74},"end":{"line":54,"column":69}},"locations":[{"start":{"line":53,"column":74},"end":{"line":54,"column":69}}]},"15":{"type":"branch","line":54,"loc":{"start":{"line":54,"column":68},"end":{"line":58,"column":5}},"locations":[{"start":{"line":54,"column":68},"end":{"line":58,"column":5}}]},"16":{"type":"branch","line":61,"loc":{"start":{"line":61,"column":27},"end":{"line":68,"column":2}},"locations":[{"start":{"line":61,"column":27},"end":{"line":68,"column":2}}]},"17":{"type":"branch","line":63,"loc":{"start":{"line":63,"column":64},"end":{"line":67,"column":5}},"locations":[{"start":{"line":63,"column":64},"end":{"line":67,"column":5}}]}},"b":{"0":[9],"1":[2],"2":[1],"3":[2],"4":[1],"5":[3],"6":[2],"7":[1],"8":[3],"9":[1],"10":[2],"11":[1],"12":[3],"13":[1],"14":[2],"15":[1],"16":[2],"17":[1]},"fnMap":{"0":{"name":"handleResponse","decl":{"start":{"line":3,"column":23},"end":{"line":9,"column":2}},"loc":{"start":{"line":3,"column":23},"end":{"line":9,"column":2}},"line":3},"1":{"name":"createEvent","decl":{"start":{"line":11,"column":27},"end":{"line":19,"column":2}},"loc":{"start":{"line":11,"column":27},"end":{"line":19,"column":2}},"line":11},"2":{"name":"getAllEvents","decl":{"start":{"line":21,"column":28},"end":{"line":28,"column":2}},"loc":{"start":{"line":21,"column":28},"end":{"line":28,"column":2}},"line":21},"3":{"name":"getEventById","decl":{"start":{"line":29,"column":28},"end":{"line":37,"column":2}},"loc":{"start":{"line":29,"column":28},"end":{"line":37,"column":2}},"line":29},"4":{"name":"updateEvent","decl":{"start":{"line":38,"column":27},"end":{"line":48,"column":2}},"loc":{"start":{"line":38,"column":27},"end":{"line":48,"column":2}},"line":38},"5":{"name":"deleteEvent","decl":{"start":{"line":50,"column":27},"end":{"line":59,"column":2}},"loc":{"start":{"line":50,"column":27},"end":{"line":59,"column":2}},"line":50},"6":{"name":"orderEvents","decl":{"start":{"line":61,"column":27},"end":{"line":68,"column":2}},"loc":{"start":{"line":61,"column":27},"end":{"line":68,"column":2}},"line":61}},"f":{"0":9,"1":2,"2":2,"3":3,"4":3,"5":3,"6":2}}
,"/Users/lucalee/Desktop/Photographer's Website/server/src/controllers/imageR2Controller.js": {"path":"/Users/lucalee/Desktop/Photographer's Website/server/src/controllers/imageR2Controller.js","all":false,"statementMap":{"0":{"start":{"line":1,"column":0},"end":{"line":1,"column":24}},"1":{"start":{"line":2,"column":0},"end":{"line":2,"column":84}},"2":{"start":{"line":3,"column":0},"end":{"line":3,"column":61}},"4":{"start":{"line":5,"column":0},"end":{"line":5,"column":25}},"5":{"start":{"line":6,"column":0},"end":{"line":6,"column":17}},"6":{"start":{"line":7,"column":0},"end":{"line":7,"column":36}},"7":{"start":{"line":8,"column":0},"end":{"line":8,"column":16}},"8":{"start":{"line":9,"column":0},"end":{"line":9,"column":43}},"9":{"start":{"line":10,"column":0},"end":{"line":10,"column":47}},"10":{"start":{"line":11,"column":0},"end":{"line":11,"column":4}},"11":{"start":{"line":12,"column":0},"end":{"line":12,"column":3}},"13":{"start":{"line":14,"column":0},"end":{"line":14,"column":43}},"14":{"start":{"line":15,"column":0},"end":{"line":15,"column":42}},"16":{"start":{"line":17,"column":0},"end":{"line":17,"column":40}},"17":{"start":{"line":18,"column":0},"end":{"line":18,"column":30}},"18":{"start":{"line":19,"column":0},"end":{"line":19,"column":18}},"19":{"start":{"line":20,"column":0},"end":{"line":20,"column":26}},"20":{"start":{"line":21,"column":0},"end":{"line":21,"column":5}},"22":{"start":{"line":23,"column":0},"end":{"line":23,"column":48}},"23":{"start":{"line":24,"column":0},"end":{"line":24,"column":71}},"25":{"start":{"line":26,"column":0},"end":{"line":26,"column":43}},"26":{"start":{"line":27,"column":0},"end":{"line":27,"column":1}},"28":{"start":{"line":29,"column":0},"end":{"line":29,"column":43}},"29":{"start":{"line":30,"column":0},"end":{"line":30,"column":66}},"31":{"start":{"line":32,"column":0},"end":{"line":32,"column":45}},"32":{"start":{"line":33,"column":0},"end":{"line":33,"column":34}},"33":{"start":{"line":34,"column":0},"end":{"line":34,"column":17}},"34":{"start":{"line":35,"column":0},"end":{"line":35,"column":7}},"36":{"start":{"line":37,"column":0},"end":{"line":37,"column":55}},"37":{"start":{"line":38,"column":0},"end":{"line":38,"column":67}},"39":{"start":{"line":40,"column":0},"end":{"line":40,"column":45}},"40":{"start":{"line":41,"column":0},"end":{"line":41,"column":1}}},"s":{"0":1,"1":1,"2":1,"4":1,"5":1,"6":1,"7":1,"8":1,"9":1,"10":1,"11":1,"13":1,"14":1,"16":1,"17":1,"18":1,"19":1,"20":1,"22":1,"23":1,"25":1,"26":1,"28":1,"29":1,"31":1,"32":1,"33":1,"34":1,"36":1,"37":1,"39":1,"40":1},"branchMap":{"0":{"type":"branch","line":14,"loc":{"start":{"line":14,"column":7},"end":{"line":27,"column":1}},"locations":[{"start":{"line":14,"column":7},"end":{"line":27,"column":1}}]},"1":{"type":"branch","line":29,"loc":{"start":{"line":29,"column":7},"end":{"line":41,"column":1}},"locations":[{"start":{"line":29,"column":7},"end":{"line":41,"column":1}}]}},"b":{"0":[1],"1":[1]},"fnMap":{"0":{"name":"uploadImg","decl":{"start":{"line":14,"column":7},"end":{"line":27,"column":1}},"loc":{"start":{"line":14,"column":7},"end":{"line":27,"column":1}},"line":14},"1":{"name":"deleteImg","decl":{"start":{"line":29,"column":7},"end":{"line":41,"column":1}},"loc":{"start":{"line":29,"column":7},"end":{"line":41,"column":1}},"line":29}},"f":{"0":1,"1":1}}
,"/Users/lucalee/Desktop/Photographer's Website/server/src/controllers/loginController.js": {"path":"/Users/lucalee/Desktop/Photographer's Website/server/src/controllers/loginController.js","all":false,"statementMap":{"1":{"start":{"line":2,"column":0},"end":{"line":2,"column":31}},"2":{"start":{"line":3,"column":0},"end":{"line":3,"column":30}},"4":{"start":{"line":5,"column":0},"end":{"line":5,"column":46}},"6":{"start":{"line":7,"column":0},"end":{"line":7,"column":8}},"7":{"start":{"line":8,"column":0},"end":{"line":8,"column":45}},"8":{"start":{"line":9,"column":0},"end":{"line":9,"column":52}},"9":{"start":{"line":10,"column":0},"end":{"line":10,"column":65}},"10":{"start":{"line":11,"column":0},"end":{"line":11,"column":36}},"11":{"start":{"line":12,"column":0},"end":{"line":12,"column":80}},"12":{"start":{"line":13,"column":0},"end":{"line":13,"column":9}},"14":{"start":{"line":15,"column":0},"end":{"line":15,"column":82}},"15":{"start":{"line":16,"column":0},"end":{"line":16,"column":69}},"16":{"start":{"line":17,"column":0},"end":{"line":17,"column":20}},"17":{"start":{"line":18,"column":0},"end":{"line":18,"column":68}},"18":{"start":{"line":19,"column":0},"end":{"line":19,"column":114}},"20":{"start":{"line":21,"column":0},"end":{"line":21,"column":41}},"21":{"start":{"line":22,"column":0},"end":{"line":22,"column":46}},"22":{"start":{"line":23,"column":0},"end":{"line":23,"column":36}},"23":{"start":{"line":24,"column":0},"end":{"line":24,"column":65}},"24":{"start":{"line":25,"column":0},"end":{"line":25,"column":15}},"25":{"start":{"line":26,"column":0},"end":{"line":26,"column":16}},"26":{"start":{"line":27,"column":0},"end":{"line":27,"column":36}},"27":{"start":{"line":28,"column":0},"end":{"line":28,"column":80}},"28":{"start":{"line":29,"column":0},"end":{"line":29,"column":9}},"29":{"start":{"line":30,"column":0},"end":{"line":30,"column":16}},"30":{"start":{"line":31,"column":0},"end":{"line":31,"column":74}},"31":{"start":{"line":32,"column":0},"end":{"line":32,"column":5}},"32":{"start":{"line":33,"column":0},"end":{"line":33,"column":4}},"33":{"start":{"line":34,"column":0},"end":{"line":34,"column":1}},"35":{"start":{"line":36,"column":0},"end":{"line":36,"column":47}},"36":{"start":{"line":37,"column":0},"end":{"line":37,"column":52}},"37":{"start":{"line":38,"column":0},"end":{"line":38,"column":57}},"38":{"start":{"line":39,"column":0},"end":{"line":39,"column":15}},"39":{"start":{"line":40,"column":0},"end":{"line":40,"column":94}},"40":{"start":{"line":41,"column":0},"end":{"line":41,"column":5}},"41":{"start":{"line":42,"column":0},"end":{"line":42,"column":8}},"42":{"start":{"line":43,"column":0},"end":{"line":43,"column":65}},"43":{"start":{"line":44,"column":0},"end":{"line":44,"column":95}},"44":{"start":{"line":45,"column":0},"end":{"line":45,"column":5}},"45":{"start":{"line":46,"column":0},"end":{"line":46,"column":15}},"46":{"start":{"line":47,"column":0},"end":{"line":47,"column":110}},"47":{"start":{"line":48,"column":0},"end":{"line":48,"column":5}},"48":{"start":{"line":49,"column":0},"end":{"line":49,"column":1}}},"s":{"1":1,"2":1,"4":1,"6":5,"7":5,"8":5,"9":5,"10":5,"11":1,"12":1,"14":3,"15":3,"16":5,"17":2,"18":2,"20":2,"21":2,"22":2,"23":2,"24":2,"25":5,"26":1,"27":1,"28":1,"29":5,"30":1,"31":1,"32":5,"33":5,"35":1,"36":3,"37":3,"38":3,"39":1,"40":1,"41":2,"42":2,"43":2,"44":2,"45":3,"46":1,"47":1,"48":3},"branchMap":{"0":{"type":"branch","line":5,"loc":{"start":{"line":5,"column":26},"end":{"line":34,"column":1}},"locations":[{"start":{"line":5,"column":26},"end":{"line":34,"column":1}}]},"1":{"type":"branch","line":11,"loc":{"start":{"line":11,"column":35},"end":{"line":13,"column":9}},"locations":[{"start":{"line":11,"column":35},"end":{"line":13,"column":9}}]},"2":{"type":"branch","line":13,"loc":{"start":{"line":13,"column":8},"end":{"line":17,"column":19}},"locations":[{"start":{"line":13,"column":8},"end":{"line":17,"column":19}}]},"3":{"type":"branch","line":17,"loc":{"start":{"line":17,"column":19},"end":{"line":26,"column":9}},"locations":[{"start":{"line":17,"column":19},"end":{"line":26,"column":9}}]},"4":{"type":"branch","line":26,"loc":{"start":{"line":26,"column":9},"end":{"line":29,"column":9}},"locations":[{"start":{"line":26,"column":9},"end":{"line":29,"column":9}}]},"5":{"type":"branch","line":30,"loc":{"start":{"line":30,"column":5},"end":{"line":32,"column":5}},"locations":[{"start":{"line":30,"column":5},"end":{"line":32,"column":5}}]},"6":{"type":"branch","line":36,"loc":{"start":{"line":36,"column":27},"end":{"line":49,"column":1}},"locations":[{"start":{"line":36,"column":27},"end":{"line":49,"column":1}}]},"7":{"type":"branch","line":39,"loc":{"start":{"line":39,"column":14},"end":{"line":41,"column":5}},"locations":[{"start":{"line":39,"column":14},"end":{"line":41,"column":5}}]},"8":{"type":"branch","line":41,"loc":{"start":{"line":41,"column":4},"end":{"line":46,"column":4}},"locations":[{"start":{"line":41,"column":4},"end":{"line":46,"column":4}}]},"9":{"type":"branch","line":46,"loc":{"start":{"line":46,"column":4},"end":{"line":48,"column":5}},"locations":[{"start":{"line":46,"column":4},"end":{"line":48,"column":5}}]}},"b":{"0":[5],"1":[1],"2":[3],"3":[2],"4":[1],"5":[1],"6":[3],"7":[1],"8":[2],"9":[1]},"fnMap":{"0":{"name":"loginAdmin","decl":{"start":{"line":5,"column":26},"end":{"line":34,"column":1}},"loc":{"start":{"line":5,"column":26},"end":{"line":34,"column":1}},"line":5},"1":{"name":"verifyToken","decl":{"start":{"line":36,"column":27},"end":{"line":49,"column":1}},"loc":{"start":{"line":36,"column":27},"end":{"line":49,"column":1}},"line":36}},"f":{"0":5,"1":3}}
,"/Users/lucalee/Desktop/Photographer's Website/server/src/middleware/errorHandler.js": {"path":"/Users/lucalee/Desktop/Photographer's Website/server/src/middleware/errorHandler.js","all":false,"statementMap":{"0":{"start":{"line":1,"column":0},"end":{"line":1,"column":48}},"1":{"start":{"line":2,"column":0},"end":{"line":2,"column":27}},"2":{"start":{"line":3,"column":0},"end":{"line":3,"column":26}},"3":{"start":{"line":4,"column":0},"end":{"line":4,"column":20}},"4":{"start":{"line":5,"column":0},"end":{"line":5,"column":46}},"5":{"start":{"line":6,"column":0},"end":{"line":6,"column":27}},"6":{"start":{"line":7,"column":0},"end":{"line":7,"column":7}},"7":{"start":{"line":8,"column":0},"end":{"line":8,"column":2}},"9":{"start":{"line":10,"column":0},"end":{"line":10,"column":29}}},"s":{"0":1,"1":11,"2":11,"3":11,"4":11,"5":11,"6":11,"7":11,"9":1},"branchMap":{"0":{"type":"branch","line":1,"loc":{"start":{"line":1,"column":22},"end":{"line":8,"column":2}},"locations":[{"start":{"line":1,"column":22},"end":{"line":8,"column":2}}]}},"b":{"0":[11]},"fnMap":{"0":{"name":"errorHandling","decl":{"start":{"line":1,"column":22},"end":{"line":8,"column":2}},"loc":{"start":{"line":1,"column":22},"end":{"line":8,"column":2}},"line":1}},"f":{"0":11}}
,"/Users/lucalee/Desktop/Photographer's Website/server/src/routes/artworkRoutes.js": {"path":"/Users/lucalee/Desktop/Photographer's Website/server/src/routes/artworkRoutes.js","all":false,"statementMap":{"0":{"start":{"line":1,"column":0},"end":{"line":1,"column":30}},"1":{"start":{"line":2,"column":0},"end":{"line":2,"column":130}},"3":{"start":{"line":4,"column":0},"end":{"line":4,"column":32}},"5":{"start":{"line":6,"column":0},"end":{"line":6,"column":39}},"6":{"start":{"line":7,"column":0},"end":{"line":7,"column":39}},"7":{"start":{"line":8,"column":0},"end":{"line":8,"column":43}},"8":{"start":{"line":9,"column":0},"end":{"line":9,"column":45}},"9":{"start":{"line":10,"column":0},"end":{"line":10,"column":45}},"10":{"start":{"line":11,"column":0},"end":{"line":11,"column":46}},"13":{"start":{"line":14,"column":0},"end":{"line":14,"column":22}}},"s":{"0":1,"1":1,"3":1,"5":1,"6":1,"7":1,"8":1,"9":1,"10":1,"13":1},"branchMap":{},"b":{},"fnMap":{},"f":{}}
,"/Users/lucalee/Desktop/Photographer's Website/server/src/routes/eventRoutes.js": {"path":"/Users/lucalee/Desktop/Photographer's Website/server/src/routes/eventRoutes.js","all":false,"statementMap":{"0":{"start":{"line":1,"column":0},"end":{"line":1,"column":30}},"1":{"start":{"line":2,"column":0},"end":{"line":2,"column":131}},"3":{"start":{"line":4,"column":0},"end":{"line":4,"column":32}},"5":{"start":{"line":6,"column":0},"end":{"line":6,"column":35}},"6":{"start":{"line":7,"column":0},"end":{"line":7,"column":35}},"7":{"start":{"line":8,"column":0},"end":{"line":8,"column":39}},"8":{"start":{"line":9,"column":0},"end":{"line":9,"column":38}},"9":{"start":{"line":10,"column":0},"end":{"line":10,"column":41}},"10":{"start":{"line":11,"column":0},"end":{"line":11,"column":42}},"13":{"start":{"line":14,"column":0},"end":{"line":14,"column":22}}},"s":{"0":1,"1":1,"3":1,"5":1,"6":1,"7":1,"8":1,"9":1,"10":1,"13":1},"branchMap":{},"b":{},"fnMap":{},"f":{}}
,"/Users/lucalee/Desktop/Photographer's Website/server/src/routes/imageR2Routes.js": {"path":"/Users/lucalee/Desktop/Photographer's Website/server/src/routes/imageR2Routes.js","all":false,"statementMap":{"0":{"start":{"line":1,"column":0},"end":{"line":1,"column":30}},"1":{"start":{"line":2,"column":0},"end":{"line":2,"column":73}},"4":{"start":{"line":5,"column":0},"end":{"line":5,"column":32}},"6":{"start":{"line":7,"column":0},"end":{"line":7,"column":41}},"7":{"start":{"line":8,"column":0},"end":{"line":8,"column":41}},"9":{"start":{"line":10,"column":0},"end":{"line":10,"column":22}}},"s":{"0":1,"1":1,"4":1,"6":1,"7":1,"9":1},"branchMap":{},"b":{},"fnMap":{},"f":{}}
,"/Users/lucalee/Desktop/Photographer's Website/server/src/routes/loginRoutes.js": {"path":"/Users/lucalee/Desktop/Photographer's Website/server/src/routes/loginRoutes.js","all":false,"statementMap":{"0":{"start":{"line":1,"column":0},"end":{"line":1,"column":30}},"1":{"start":{"line":2,"column":0},"end":{"line":2,"column":74}},"4":{"start":{"line":5,"column":0},"end":{"line":5,"column":32}},"6":{"start":{"line":7,"column":0},"end":{"line":7,"column":34}},"7":{"start":{"line":8,"column":0},"end":{"line":8,"column":41}},"9":{"start":{"line":10,"column":0},"end":{"line":10,"column":22}}},"s":{"0":1,"1":1,"4":1,"6":1,"7":1,"9":1},"branchMap":{},"b":{},"fnMap":{},"f":{}}
}
